Microsoft (R) Macro Assembler Version 14.38.33130.0	    01/08/25 20:00:57
code.asm						     Page 1 - 1


				.686
				.model flat
				public _multiplyfloats
				extern _MulDiv@12 : PROC


 00000000			.code
 00000000				_multiplyfloats PROC
 00000000  55					push ebp
 00000001  8B EC				mov ebp, esp
 00000003  53					push ebx
 00000004  51					push ecx

 00000005  8B 45 08				mov eax, [ebp + 8] ; a
 00000008  8B 4D 0C				mov ecx, [ebp + 12] ; b
 0000000B  8B 5D 10				mov ebx, [ebp + 16] ; adres na wynik

 0000000E  51					push ecx ; a
 0000000F  50					push eax ; b
 00000010  B8 00000001				mov eax, 1
 00000015  50					push eax ; 0
 00000016  E8 00000000 E			call _MulDiv@12 ; a * b / 1
 0000001B  83 C4 0C				add esp, 12

						; w ebx pomno¿ona liczba
 0000001E  89 1B				mov [ebx], ebx

 00000020  59					pop ecx
 00000021  5B					pop ebx
 00000022  5D					pop ebp
 00000023  C3					ret
 00000024				_multiplyfloats ENDP
				END
Microsoft (R) Macro Assembler Version 14.38.33130.0	    01/08/25 20:00:57
code.asm						     Symbols 2 - 1




Segments and Groups:

                N a m e                 Size     Length   Align   Combine Class

FLAT . . . . . . . . . . . . . .	GROUP
_DATA  . . . . . . . . . . . . .	32 Bit	 00000000 Para	  Public  'DATA'	
_TEXT  . . . . . . . . . . . . .	32 Bit	 00000024 Para	  Public  'CODE'	


Procedures, parameters, and locals:

                N a m e                 Type     Value    Attr

_multiplyfloats  . . . . . . . .	P Near	 00000000 _TEXT	Length= 00000024 Public


Symbols:

                N a m e                 Type     Value    Attr

@CodeSize  . . . . . . . . . . .	Number	 00000000h   
@DataSize  . . . . . . . . . . .	Number	 00000000h   
@Interface . . . . . . . . . . .	Number	 00000000h   
@Model . . . . . . . . . . . . .	Number	 00000007h   
@code  . . . . . . . . . . . . .	Text   	 _TEXT
@data  . . . . . . . . . . . . .	Text   	 FLAT
@fardata?  . . . . . . . . . . .	Text   	 FLAT
@fardata . . . . . . . . . . . .	Text   	 FLAT
@stack . . . . . . . . . . . . .	Text   	 FLAT
_MulDiv@12 . . . . . . . . . . .	L Near	 00000000 FLAT	External

	   0 Warnings
	   0 Errors
